<?xml version="1.0" encoding="UTF-8" ?>
<testsuite tests="21" failures="0" name="tests.RunTest" time="3.553" errors="0" skipped="0">
  <properties>
[...]
</properties>
  <testcase classname="Cenario: Adicionar produto" name="Dado que acesso o ecommerce" time="0.002"/>
  <testcase classname="Cenario: Adicionar produto" name="Quando clico em ver mais detalhes do produto &quot;Stylish Dress&quot;" time="0"/>
  <testcase classname="Cenario: Adicionar produto" name="E eu adicionar 3 unidade(s) no carrinho" time="0"/>
  <testcase classname="Cenario: Adicionar produto" name="E clico em ver mais detalhes do produto &quot;Beautiful Peacock Blue Cotton Linen Saree&quot;" time="0"/>
  <testcase classname="Cenario: Adicionar produto" name="E eu adicionar 2 unidade(s) no carrinho" time="0"/>
  <testcase classname="Cenario: Adicionar produto" name="E clico em ver mais detalhes do produto &quot;Men Tshirt&quot;" time="0"/>
  <testcase classname="Cenario: Adicionar produto" name="E eu adicionar 1 unidade(s) no carrinho" time="0"/>
  <testcase classname="Cenario: Adicionar produto" name="E que acesso o carrinho" time="0"/>
  <testcase classname="Cenario: Adicionar produto" name="Entao o carrinho deve conter 3 unidades do produto &quot;Stylish Dress&quot;" time="0"/>
  <testcase classname="Cenario: Adicionar produto" name="E o carrinho deve conter 2 unidades do produto &quot;Beautiful Peacock Blue Cotton Linen Saree&quot;" time="0"/>
  <testcase classname="Cenario: Adicionar produto" name="E o carrinho deve conter 1 unidades do produto &quot;Men Tshirt&quot;" time="0.001"/>
  <testcase classname="Cenario: Adicionar produto" name="Cenario: Adicionar produto" time="1.691"/>
  <testcase classname="Cenario: Cadastrar conta nova" name="Dado que acesso o ecommerce" time="0"/>
  <testcase classname="Cenario: Cadastrar conta nova" name="Quando clico em Signup/Login" time="0"/>
  <testcase classname="Cenario: Cadastrar conta nova" name="E eu inserir um nome em New User Signup!" time="0.002"/>
  <testcase classname="Cenario: Cadastrar conta nova" name="E eu inserir um email em Email Address" time="0"/>
  <testcase classname="Cenario: Cadastrar conta nova" name="E eu clicar no botão Signup" time="0"/>
  <testcase classname="Cenario: Cadastrar conta nova" name="E eu preencher os campos vazios obrigatórios da página Enter Account Information" time="0"/>
  <testcase classname="Cenario: Cadastrar conta nova" name="E eu clicar no botão Create Account" time="0"/>
  <testcase classname="Cenario: Cadastrar conta nova" name="Entao devo receber a mensagem &quot;ACCOUNT CREATED!&quot;" time="0"/>
  <testcase classname="Cenario: Cadastrar conta nova" name="Cenario: Cadastrar conta nova" time="1.857"/>
</testsuite>